<?xml version="1.0" encoding="UTF-8"?>
<testsuite xmlns:xsi="http://www.w3.org/2001/XMLSchema-instance" xsi:noNamespaceSchemaLocation="https://maven.apache.org/surefire/maven-surefire-plugin/xsd/surefire-test-report.xsd" name="com.bjbloemker.resources.GeneralServicesTest" time="0.036" tests="22" errors="0" skipped="0" failures="0">
  <properties>
    <property name="gopherProxySet" value="false"/>
    <property name="awt.toolkit" value="sun.lwawt.macosx.LWCToolkit"/>
    <property name="file.encoding.pkg" value="sun.io"/>
    <property name="java.specification.version" value="1.8"/>
    <property name="sun.cpu.isalist" value=""/>
    <property name="sun.jnu.encoding" value="UTF-8"/>
    <property name="java.class.path" value="/Volumes/GoogleDrive/My Drive/gd_iit/gd_CS445/Project/Pay4Park/Pay4Park/target/test-classes:/Volumes/GoogleDrive/My Drive/gd_iit/gd_CS445/Project/Pay4Park/Pay4Park/target/classes:/Users/bjbloemker/.m2/repository/io/dropwizard/dropwizard-core/1.3.2/dropwizard-core-1.3.2.jar:/Users/bjbloemker/.m2/repository/io/dropwizard/dropwizard-util/1.3.2/dropwizard-util-1.3.2.jar:/Users/bjbloemker/.m2/repository/com/fasterxml/jackson/core/jackson-annotations/2.9.0/jackson-annotations-2.9.0.jar:/Users/bjbloemker/.m2/repository/com/google/guava/guava/24.0-jre/guava-24.0-jre.jar:/Users/bjbloemker/.m2/repository/org/checkerframework/checker-compat-qual/2.0.0/checker-compat-qual-2.0.0.jar:/Users/bjbloemker/.m2/repository/com/google/errorprone/error_prone_annotations/2.1.3/error_prone_annotations-2.1.3.jar:/Users/bjbloemker/.m2/repository/com/google/j2objc/j2objc-annotations/1.1/j2objc-annotations-1.1.jar:/Users/bjbloemker/.m2/repository/org/codehaus/mojo/animal-sniffer-annotations/1.14/animal-sniffer-annotations-1.14.jar:/Users/bjbloemker/.m2/repository/com/google/code/findbugs/jsr305/3.0.2/jsr305-3.0.2.jar:/Users/bjbloemker/.m2/repository/joda-time/joda-time/2.9.9/joda-time-2.9.9.jar:/Users/bjbloemker/.m2/repository/io/dropwizard/dropwizard-jackson/1.3.2/dropwizard-jackson-1.3.2.jar:/Users/bjbloemker/.m2/repository/com/fasterxml/jackson/core/jackson-core/2.9.5/jackson-core-2.9.5.jar:/Users/bjbloemker/.m2/repository/com/fasterxml/jackson/core/jackson-databind/2.9.5/jackson-databind-2.9.5.jar:/Users/bjbloemker/.m2/repository/com/fasterxml/jackson/datatype/jackson-datatype-guava/2.9.5/jackson-datatype-guava-2.9.5.jar:/Users/bjbloemker/.m2/repository/com/fasterxml/jackson/datatype/jackson-datatype-jsr310/2.9.5/jackson-datatype-jsr310-2.9.5.jar:/Users/bjbloemker/.m2/repository/com/fasterxml/jackson/datatype/jackson-datatype-jdk8/2.9.5/jackson-datatype-jdk8-2.9.5.jar:/Users/bjbloemker/.m2/repository/com/fasterxml/jackson/module/jackson-module-parameter-names/2.9.5/jackson-module-parameter-names-2.9.5.jar:/Users/bjbloemker/.m2/repository/com/fasterxml/jackson/module/jackson-module-afterburner/2.9.5/jackson-module-afterburner-2.9.5.jar:/Users/bjbloemker/.m2/repository/com/fasterxml/jackson/datatype/jackson-datatype-joda/2.9.5/jackson-datatype-joda-2.9.5.jar:/Users/bjbloemker/.m2/repository/org/slf4j/slf4j-api/1.7.25/slf4j-api-1.7.25.jar:/Users/bjbloemker/.m2/repository/io/dropwizard/dropwizard-validation/1.3.2/dropwizard-validation-1.3.2.jar:/Users/bjbloemker/.m2/repository/org/hibernate/hibernate-validator/5.4.2.Final/hibernate-validator-5.4.2.Final.jar:/Users/bjbloemker/.m2/repository/javax/validation/validation-api/1.1.0.Final/validation-api-1.1.0.Final.jar:/Users/bjbloemker/.m2/repository/org/jboss/logging/jboss-logging/3.3.0.Final/jboss-logging-3.3.0.Final.jar:/Users/bjbloemker/.m2/repository/com/fasterxml/classmate/1.3.4/classmate-1.3.4.jar:/Users/bjbloemker/.m2/repository/org/glassfish/javax.el/3.0.0/javax.el-3.0.0.jar:/Users/bjbloemker/.m2/repository/org/javassist/javassist/3.22.0-GA/javassist-3.22.0-GA.jar:/Users/bjbloemker/.m2/repository/io/dropwizard/dropwizard-configuration/1.3.2/dropwizard-configuration-1.3.2.jar:/Users/bjbloemker/.m2/repository/com/fasterxml/jackson/dataformat/jackson-dataformat-yaml/2.9.5/jackson-dataformat-yaml-2.9.5.jar:/Users/bjbloemker/.m2/repository/org/apache/commons/commons-lang3/3.7/commons-lang3-3.7.jar:/Users/bjbloemker/.m2/repository/org/apache/commons/commons-text/1.2/commons-text-1.2.jar:/Users/bjbloemker/.m2/repository/io/dropwizard/dropwizard-logging/1.3.2/dropwizard-logging-1.3.2.jar:/Users/bjbloemker/.m2/repository/io/dropwizard/metrics/metrics-logback/4.0.2/metrics-logback-4.0.2.jar:/Users/bjbloemker/.m2/repository/org/slf4j/jul-to-slf4j/1.7.25/jul-to-slf4j-1.7.25.jar:/Users/bjbloemker/.m2/repository/ch/qos/logback/logback-core/1.2.3/logback-core-1.2.3.jar:/Users/bjbloemker/.m2/repository/ch/qos/logback/logback-classic/1.2.3/logback-classic-1.2.3.jar:/Users/bjbloemker/.m2/repository/org/slf4j/log4j-over-slf4j/1.7.25/log4j-over-slf4j-1.7.25.jar:/Users/bjbloemker/.m2/repository/org/slf4j/jcl-over-slf4j/1.7.25/jcl-over-slf4j-1.7.25.jar:/Users/bjbloemker/.m2/repository/org/eclipse/jetty/jetty-util/9.4.10.v20180503/jetty-util-9.4.10.v20180503.jar:/Users/bjbloemker/.m2/repository/io/dropwizard/dropwizard-metrics/1.3.2/dropwizard-metrics-1.3.2.jar:/Users/bjbloemker/.m2/repository/io/dropwizard/dropwizard-jersey/1.3.2/dropwizard-jersey-1.3.2.jar:/Users/bjbloemker/.m2/repository/org/glassfish/jersey/core/jersey-server/2.25.1/jersey-server-2.25.1.jar:/Users/bjbloemker/.m2/repository/org/glassfish/jersey/core/jersey-common/2.25.1/jersey-common-2.25.1.jar:/Users/bjbloemker/.m2/repository/org/glassfish/jersey/bundles/repackaged/jersey-guava/2.25.1/jersey-guava-2.25.1.jar:/Users/bjbloemker/.m2/repository/org/glassfish/hk2/osgi-resource-locator/1.0.1/osgi-resource-locator-1.0.1.jar:/Users/bjbloemker/.m2/repository/org/glassfish/jersey/core/jersey-client/2.25.1/jersey-client-2.25.1.jar:/Users/bjbloemker/.m2/repository/javax/ws/rs/javax.ws.rs-api/2.0.1/javax.ws.rs-api-2.0.1.jar:/Users/bjbloemker/.m2/repository/org/glassfish/jersey/media/jersey-media-jaxb/2.25.1/jersey-media-jaxb-2.25.1.jar:/Users/bjbloemker/.m2/repository/javax/annotation/javax.annotation-api/1.2/javax.annotation-api-1.2.jar:/Users/bjbloemker/.m2/repository/org/glassfish/hk2/hk2-api/2.5.0-b32/hk2-api-2.5.0-b32.jar:/Users/bjbloemker/.m2/repository/org/glassfish/hk2/hk2-utils/2.5.0-b32/hk2-utils-2.5.0-b32.jar:/Users/bjbloemker/.m2/repository/org/glassfish/hk2/external/aopalliance-repackaged/2.5.0-b32/aopalliance-repackaged-2.5.0-b32.jar:/Users/bjbloemker/.m2/repository/org/glassfish/hk2/external/javax.inject/2.5.0-b32/javax.inject-2.5.0-b32.jar:/Users/bjbloemker/.m2/repository/org/glassfish/hk2/hk2-locator/2.5.0-b32/hk2-locator-2.5.0-b32.jar:/Users/bjbloemker/.m2/repository/org/glassfish/jersey/ext/jersey-metainf-services/2.25.1/jersey-metainf-services-2.25.1.jar:/Users/bjbloemker/.m2/repository/org/glassfish/jersey/ext/jersey-bean-validation/2.25.1/jersey-bean-validation-2.25.1.jar:/Users/bjbloemker/.m2/repository/io/dropwizard/metrics/metrics-jersey2/4.0.2/metrics-jersey2-4.0.2.jar:/Users/bjbloemker/.m2/repository/com/fasterxml/jackson/jaxrs/jackson-jaxrs-json-provider/2.9.5/jackson-jaxrs-json-provider-2.9.5.jar:/Users/bjbloemker/.m2/repository/com/fasterxml/jackson/jaxrs/jackson-jaxrs-base/2.9.5/jackson-jaxrs-base-2.9.5.jar:/Users/bjbloemker/.m2/repository/com/fasterxml/jackson/module/jackson-module-jaxb-annotations/2.9.5/jackson-module-jaxb-annotations-2.9.5.jar:/Users/bjbloemker/.m2/repository/org/glassfish/jersey/containers/jersey-container-servlet/2.25.1/jersey-container-servlet-2.25.1.jar:/Users/bjbloemker/.m2/repository/org/glassfish/jersey/containers/jersey-container-servlet-core/2.25.1/jersey-container-servlet-core-2.25.1.jar:/Users/bjbloemker/.m2/repository/org/eclipse/jetty/jetty-server/9.4.10.v20180503/jetty-server-9.4.10.v20180503.jar:/Users/bjbloemker/.m2/repository/javax/servlet/javax.servlet-api/3.1.0/javax.servlet-api-3.1.0.jar:/Users/bjbloemker/.m2/repository/org/eclipse/jetty/jetty-io/9.4.10.v20180503/jetty-io-9.4.10.v20180503.jar:/Users/bjbloemker/.m2/repository/org/eclipse/jetty/jetty-webapp/9.4.10.v20180503/jetty-webapp-9.4.10.v20180503.jar:/Users/bjbloemker/.m2/repository/org/eclipse/jetty/jetty-xml/9.4.10.v20180503/jetty-xml-9.4.10.v20180503.jar:/Users/bjbloemker/.m2/repository/org/eclipse/jetty/jetty-continuation/9.4.10.v20180503/jetty-continuation-9.4.10.v20180503.jar:/Users/bjbloemker/.m2/repository/io/dropwizard/dropwizard-servlets/1.3.2/dropwizard-servlets-1.3.2.jar:/Users/bjbloemker/.m2/repository/io/dropwizard/metrics/metrics-annotation/4.0.2/metrics-annotation-4.0.2.jar:/Users/bjbloemker/.m2/repository/io/dropwizard/dropwizard-jetty/1.3.2/dropwizard-jetty-1.3.2.jar:/Users/bjbloemker/.m2/repository/io/dropwizard/metrics/metrics-jetty9/4.0.2/metrics-jetty9-4.0.2.jar:/Users/bjbloemker/.m2/repository/org/eclipse/jetty/jetty-servlet/9.4.10.v20180503/jetty-servlet-9.4.10.v20180503.jar:/Users/bjbloemker/.m2/repository/org/eclipse/jetty/jetty-security/9.4.10.v20180503/jetty-security-9.4.10.v20180503.jar:/Users/bjbloemker/.m2/repository/org/eclipse/jetty/jetty-servlets/9.4.10.v20180503/jetty-servlets-9.4.10.v20180503.jar:/Users/bjbloemker/.m2/repository/org/eclipse/jetty/jetty-http/9.4.10.v20180503/jetty-http-9.4.10.v20180503.jar:/Users/bjbloemker/.m2/repository/io/dropwizard/dropwizard-lifecycle/1.3.2/dropwizard-lifecycle-1.3.2.jar:/Users/bjbloemker/.m2/repository/io/dropwizard/metrics/metrics-core/4.0.2/metrics-core-4.0.2.jar:/Users/bjbloemker/.m2/repository/io/dropwizard/metrics/metrics-jvm/4.0.2/metrics-jvm-4.0.2.jar:/Users/bjbloemker/.m2/repository/io/dropwizard/metrics/metrics-jmx/4.0.2/metrics-jmx-4.0.2.jar:/Users/bjbloemker/.m2/repository/io/dropwizard/metrics/metrics-servlets/4.0.2/metrics-servlets-4.0.2.jar:/Users/bjbloemker/.m2/repository/io/dropwizard/metrics/metrics-json/4.0.2/metrics-json-4.0.2.jar:/Users/bjbloemker/.m2/repository/com/papertrail/profiler/1.0.2/profiler-1.0.2.jar:/Users/bjbloemker/.m2/repository/io/dropwizard/metrics/metrics-healthchecks/4.0.2/metrics-healthchecks-4.0.2.jar:/Users/bjbloemker/.m2/repository/io/dropwizard/dropwizard-request-logging/1.3.2/dropwizard-request-logging-1.3.2.jar:/Users/bjbloemker/.m2/repository/ch/qos/logback/logback-access/1.2.3/logback-access-1.2.3.jar:/Users/bjbloemker/.m2/repository/net/sourceforge/argparse4j/argparse4j/0.8.1/argparse4j-0.8.1.jar:/Users/bjbloemker/.m2/repository/org/eclipse/jetty/toolchain/setuid/jetty-setuid-java/1.0.3/jetty-setuid-java-1.0.3.jar:/Users/bjbloemker/.m2/repository/com/google/code/gson/gson/2.8.5/gson-2.8.5.jar:/Users/bjbloemker/.m2/repository/junit/junit/4.12/junit-4.12.jar:/Users/bjbloemker/.m2/repository/org/hamcrest/hamcrest-core/1.3/hamcrest-core-1.3.jar:/Users/bjbloemker/.m2/repository/org/junit/jupiter/junit-jupiter-api/5.3.1/junit-jupiter-api-5.3.1.jar:/Users/bjbloemker/.m2/repository/org/apiguardian/apiguardian-api/1.0.0/apiguardian-api-1.0.0.jar:/Users/bjbloemker/.m2/repository/org/opentest4j/opentest4j/1.1.1/opentest4j-1.1.1.jar:/Users/bjbloemker/.m2/repository/org/junit/platform/junit-platform-commons/1.3.1/junit-platform-commons-1.3.1.jar:/Users/bjbloemker/.m2/repository/org/apache/maven/plugins/maven-surefire-plugin/3.0.0-M1/maven-surefire-plugin-3.0.0-M1.jar:/Users/bjbloemker/.m2/repository/org/apache/maven/surefire/maven-surefire-common/3.0.0-M1/maven-surefire-common-3.0.0-M1.jar:/Users/bjbloemker/.m2/repository/org/apache/maven/surefire/surefire-api/3.0.0-M1/surefire-api-3.0.0-M1.jar:/Users/bjbloemker/.m2/repository/org/apache/maven/surefire/surefire-logger-api/3.0.0-M1/surefire-logger-api-3.0.0-M1.jar:/Users/bjbloemker/.m2/repository/org/apache/maven/surefire/surefire-booter/3.0.0-M1/surefire-booter-3.0.0-M1.jar:/Users/bjbloemker/.m2/repository/org/apache/maven/maven-toolchain/3.0-alpha-2/maven-toolchain-3.0-alpha-2.jar:/Users/bjbloemker/.m2/repository/org/apache/maven/maven-core/3.0-alpha-2/maven-core-3.0-alpha-2.jar:/Users/bjbloemker/.m2/repository/org/apache/maven/maven-lifecycle/3.0-alpha-2/maven-lifecycle-3.0-alpha-2.jar:/Users/bjbloemker/.m2/repository/org/apache/maven/maven-reporting-api/3.0-alpha-2/maven-reporting-api-3.0-alpha-2.jar:/Users/bjbloemker/.m2/repository/org/apache/maven/doxia/doxia-sink-api/1.0-alpha-9/doxia-sink-api-1.0-alpha-9.jar:/Users/bjbloemker/.m2/repository/org/apache/maven/maven-model/3.0-alpha-2/maven-model-3.0-alpha-2.jar:/Users/bjbloemker/.m2/repository/org/apache/maven/maven-plugin-api/3.0-alpha-2/maven-plugin-api-3.0-alpha-2.jar:/Users/bjbloemker/.m2/repository/org/codehaus/plexus/plexus-container-default/1.0-beta-3.0.5/plexus-container-default-1.0-beta-3.0.5.jar:/Users/bjbloemker/.m2/repository/org/apache/xbean/xbean-reflect/3.4/xbean-reflect-3.4.jar:/Users/bjbloemker/.m2/repository/log4j/log4j/1.2.12/log4j-1.2.12.jar:/Users/bjbloemker/.m2/repository/commons-logging/commons-logging-api/1.1/commons-logging-api-1.1.jar:/Users/bjbloemker/.m2/repository/com/google/code/google-collections/google-collect/snapshot-20080530/google-collect-snapshot-20080530.jar:/Users/bjbloemker/.m2/repository/org/apache/maven/maven-project/3.0-alpha-2/maven-project-3.0-alpha-2.jar:/Users/bjbloemker/.m2/repository/org/codehaus/woodstox/wstx-asl/3.2.6/wstx-asl-3.2.6.jar:/Users/bjbloemker/.m2/repository/org/apache/maven/maven-project-builder/3.0-alpha-2/maven-project-builder-3.0-alpha-2.jar:/Users/bjbloemker/.m2/repository/commons-cli/commons-cli/1.0/commons-cli-1.0.jar:/Users/bjbloemker/.m2/repository/org/codehaus/plexus/plexus-interactivity-api/1.0-alpha-6/plexus-interactivity-api-1.0-alpha-6.jar:/Users/bjbloemker/.m2/repository/org/codehaus/plexus/plexus-interpolation/1.1/plexus-interpolation-1.1.jar:/Users/bjbloemker/.m2/repository/org/codehaus/plexus/plexus-utils/1.5.6/plexus-utils-1.5.6.jar:/Users/bjbloemker/.m2/repository/org/codehaus/plexus/plexus-classworlds/1.3/plexus-classworlds-1.3.jar:/Users/bjbloemker/.m2/repository/org/codehaus/plexus/plexus-component-annotations/1.0-beta-3.0.5/plexus-component-annotations-1.0-beta-3.0.5.jar:/Users/bjbloemker/.m2/repository/org/sonatype/plexus/plexus-plugin-manager/1.0-alpha-1/plexus-plugin-manager-1.0-alpha-1.jar:/Users/bjbloemker/.m2/repository/org/apache/maven/mercury/mercury-plexus/1.0.0-alpha-2/mercury-plexus-1.0.0-alpha-2.jar:/Users/bjbloemker/.m2/repository/org/apache/maven/mercury/mercury-repo-remote-m2/1.0.0-alpha-2/mercury-repo-remote-m2-1.0.0-alpha-2.jar:/Users/bjbloemker/.m2/repository/org/apache/maven/mercury/mercury-repo-api/1.0.0-alpha-2/mercury-repo-api-1.0.0-alpha-2.jar:/Users/bjbloemker/.m2/repository/org/apache/maven/mercury/mercury-transport-api/1.0.0-alpha-2/mercury-transport-api-1.0.0-alpha-2.jar:/Users/bjbloemker/.m2/repository/org/apache/maven/mercury/mercury-crypto-api/1.0.0-alpha-2/mercury-crypto-api-1.0.0-alpha-2.jar:/Users/bjbloemker/.m2/repository/org/apache/maven/mercury/mercury-transport-http/1.0.0-alpha-2/mercury-transport-http-1.0.0-alpha-2.jar:/Users/bjbloemker/.m2/repository/org/mortbay/jetty/jetty-client/6.1.12/jetty-client-6.1.12.jar:/Users/bjbloemker/.m2/repository/org/mortbay/jetty/jetty-sslengine/6.1.12/jetty-sslengine-6.1.12.jar:/Users/bjbloemker/.m2/repository/org/mortbay/jetty/jetty/6.1.12/jetty-6.1.12.jar:/Users/bjbloemker/.m2/repository/org/mortbay/jetty/jetty-util/6.1.12/jetty-util-6.1.12.jar:/Users/bjbloemker/.m2/repository/org/mortbay/jetty/servlet-api-2.5/6.1.12/servlet-api-2.5-6.1.12.jar:/Users/bjbloemker/.m2/repository/org/apache/maven/mercury/mercury-crypto-basic/1.0.0-alpha-2/mercury-crypto-basic-1.0.0-alpha-2.jar:/Users/bjbloemker/.m2/repository/bouncycastle/bcprov-jdk15/140/bcprov-jdk15-140.jar:/Users/bjbloemker/.m2/repository/bouncycastle/bcpg-jdk15/140/bcpg-jdk15-140.jar:/Users/bjbloemker/.m2/repository/org/apache/maven/mercury/mercury-md-shared/1.0.0-alpha-2/mercury-md-shared-1.0.0-alpha-2.jar:/Users/bjbloemker/.m2/repository/org/apache/maven/mercury/mercury-util/1.0.0-alpha-2/mercury-util-1.0.0-alpha-2.jar:/Users/bjbloemker/.m2/repository/org/apache/maven/mercury/mercury-repo-local-m2/1.0.0-alpha-2/mercury-repo-local-m2-1.0.0-alpha-2.jar:/Users/bjbloemker/.m2/repository/org/apache/maven/mercury/mercury-repo-virtual/1.0.0-alpha-2/mercury-repo-virtual-1.0.0-alpha-2.jar:/Users/bjbloemker/.m2/repository/org/apache/maven/mercury/mercury-repo-cache-fs/1.0.0-alpha-2/mercury-repo-cache-fs-1.0.0-alpha-2.jar:/Users/bjbloemker/.m2/repository/org/apache/maven/mercury/mercury-md-sat/1.0.0-alpha-2/mercury-md-sat-1.0.0-alpha-2.jar:/Users/bjbloemker/.m2/repository/org/sat4j/org.sat4j.core/2.0.4/org.sat4j.core-2.0.4.jar:/Users/bjbloemker/.m2/repository/org/sat4j/org.sat4j.pb/2.0.4/org.sat4j.pb-2.0.4.jar:/Users/bjbloemker/.m2/repository/org/apache/maven/mercury/mercury-event/1.0.0-alpha-2/mercury-event-1.0.0-alpha-2.jar:/Users/bjbloemker/.m2/repository/org/apache/maven/mercury/mercury-logging/1.0.0-alpha-2/mercury-logging-1.0.0-alpha-2.jar:/Users/bjbloemker/.m2/repository/org/codehaus/plexus/plexus-lang/1.1/plexus-lang-1.1.jar:/Users/bjbloemker/.m2/repository/org/slf4j/slf4j-jdk14/1.5.3/slf4j-jdk14-1.5.3.jar:/Users/bjbloemker/.m2/repository/org/apache/maven/maven-mercury/3.0-alpha-2/maven-mercury-3.0-alpha-2.jar:/Users/bjbloemker/.m2/repository/org/apache/maven/mercury/mercury-artifact/1.0.0-alpha-2/mercury-artifact-1.0.0-alpha-2.jar:/Users/bjbloemker/.m2/repository/org/apache/maven/mercury/mercury-external/1.0.0-alpha-2/mercury-external-1.0.0-alpha-2.jar:/Users/bjbloemker/.m2/repository/org/sonatype/spice/model-builder/1.3/model-builder-1.3.jar:/Users/bjbloemker/.m2/repository/stax/stax-api/1.0.1/stax-api-1.0.1.jar:/Users/bjbloemker/.m2/repository/org/apache/maven/maven-compat/3.0-alpha-2/maven-compat-3.0-alpha-2.jar:/Users/bjbloemker/.m2/repository/org/apache/maven/wagon/wagon-provider-api/1.0-beta-4/wagon-provider-api-1.0-beta-4.jar:/Users/bjbloemker/.m2/repository/org/codehaus/plexus/plexus-java/0.9.11/plexus-java-0.9.11.jar:/Users/bjbloemker/.m2/repository/org/ow2/asm/asm/7.0-beta/asm-7.0-beta.jar:/Users/bjbloemker/.m2/repository/com/thoughtworks/qdox/qdox/2.0-M9/qdox-2.0-M9.jar:/Users/bjbloemker/.m2/repository/org/testng/testng/6.8.7/testng-6.8.7.jar:/Users/bjbloemker/.m2/repository/org/beanshell/bsh/2.0b4/bsh-2.0b4.jar:/Users/bjbloemker/.m2/repository/com/beust/jcommander/1.27/jcommander-1.27.jar:/Users/bjbloemker/.m2/repository/org/yaml/snakeyaml/1.12/snakeyaml-1.12.jar:/Users/bjbloemker/.m2/repository/org/junit/jupiter/junit-jupiter-engine/5.2.0/junit-jupiter-engine-5.2.0.jar:/Users/bjbloemker/.m2/repository/org/junit/platform/junit-platform-engine/1.2.0/junit-platform-engine-1.2.0.jar:/Users/bjbloemker/.m2/repository/org/apache/maven/surefire/surefire-testng-utils/2.21.0/surefire-testng-utils-2.21.0.jar:/Users/bjbloemker/.m2/repository/org/apache/maven/surefire/surefire-grouper/2.21.0/surefire-grouper-2.21.0.jar:"/>
    <property name="java.vm.vendor" value="Oracle Corporation"/>
    <property name="sun.arch.data.model" value="64"/>
    <property name="java.vendor.url" value="http://java.oracle.com/"/>
    <property name="user.timezone" value=""/>
    <property name="java.vm.specification.version" value="1.8"/>
    <property name="os.name" value="Mac OS X"/>
    <property name="user.country" value="US"/>
    <property name="sun.java.launcher" value="SUN_STANDARD"/>
    <property name="sun.boot.library.path" value="/Library/Java/JavaVirtualMachines/jdk1.8.0_171.jdk/Contents/Home/jre/lib"/>
    <property name="sun.java.command" value="/Volumes/GoogleDrive/My Drive/gd_iit/gd_CS445/Project/Pay4Park/Pay4Park/target/surefire/surefirebooter565060204067164329.jar /Volumes/GoogleDrive/My Drive/gd_iit/gd_CS445/Project/Pay4Park/Pay4Park/target/surefire 2018-11-15T19-46-31_962-jvmRun1 surefire1556523599560829081tmp surefire_098797751360908866tmp"/>
    <property name="http.nonProxyHosts" value="local|*.local|169.254/16|*.169.254/16"/>
    <property name="surefire.test.class.path" value="/Volumes/GoogleDrive/My Drive/gd_iit/gd_CS445/Project/Pay4Park/Pay4Park/target/test-classes:/Volumes/GoogleDrive/My Drive/gd_iit/gd_CS445/Project/Pay4Park/Pay4Park/target/classes:/Users/bjbloemker/.m2/repository/io/dropwizard/dropwizard-core/1.3.2/dropwizard-core-1.3.2.jar:/Users/bjbloemker/.m2/repository/io/dropwizard/dropwizard-util/1.3.2/dropwizard-util-1.3.2.jar:/Users/bjbloemker/.m2/repository/com/fasterxml/jackson/core/jackson-annotations/2.9.0/jackson-annotations-2.9.0.jar:/Users/bjbloemker/.m2/repository/com/google/guava/guava/24.0-jre/guava-24.0-jre.jar:/Users/bjbloemker/.m2/repository/org/checkerframework/checker-compat-qual/2.0.0/checker-compat-qual-2.0.0.jar:/Users/bjbloemker/.m2/repository/com/google/errorprone/error_prone_annotations/2.1.3/error_prone_annotations-2.1.3.jar:/Users/bjbloemker/.m2/repository/com/google/j2objc/j2objc-annotations/1.1/j2objc-annotations-1.1.jar:/Users/bjbloemker/.m2/repository/org/codehaus/mojo/animal-sniffer-annotations/1.14/animal-sniffer-annotations-1.14.jar:/Users/bjbloemker/.m2/repository/com/google/code/findbugs/jsr305/3.0.2/jsr305-3.0.2.jar:/Users/bjbloemker/.m2/repository/joda-time/joda-time/2.9.9/joda-time-2.9.9.jar:/Users/bjbloemker/.m2/repository/io/dropwizard/dropwizard-jackson/1.3.2/dropwizard-jackson-1.3.2.jar:/Users/bjbloemker/.m2/repository/com/fasterxml/jackson/core/jackson-core/2.9.5/jackson-core-2.9.5.jar:/Users/bjbloemker/.m2/repository/com/fasterxml/jackson/core/jackson-databind/2.9.5/jackson-databind-2.9.5.jar:/Users/bjbloemker/.m2/repository/com/fasterxml/jackson/datatype/jackson-datatype-guava/2.9.5/jackson-datatype-guava-2.9.5.jar:/Users/bjbloemker/.m2/repository/com/fasterxml/jackson/datatype/jackson-datatype-jsr310/2.9.5/jackson-datatype-jsr310-2.9.5.jar:/Users/bjbloemker/.m2/repository/com/fasterxml/jackson/datatype/jackson-datatype-jdk8/2.9.5/jackson-datatype-jdk8-2.9.5.jar:/Users/bjbloemker/.m2/repository/com/fasterxml/jackson/module/jackson-module-parameter-names/2.9.5/jackson-module-parameter-names-2.9.5.jar:/Users/bjbloemker/.m2/repository/com/fasterxml/jackson/module/jackson-module-afterburner/2.9.5/jackson-module-afterburner-2.9.5.jar:/Users/bjbloemker/.m2/repository/com/fasterxml/jackson/datatype/jackson-datatype-joda/2.9.5/jackson-datatype-joda-2.9.5.jar:/Users/bjbloemker/.m2/repository/org/slf4j/slf4j-api/1.7.25/slf4j-api-1.7.25.jar:/Users/bjbloemker/.m2/repository/io/dropwizard/dropwizard-validation/1.3.2/dropwizard-validation-1.3.2.jar:/Users/bjbloemker/.m2/repository/org/hibernate/hibernate-validator/5.4.2.Final/hibernate-validator-5.4.2.Final.jar:/Users/bjbloemker/.m2/repository/javax/validation/validation-api/1.1.0.Final/validation-api-1.1.0.Final.jar:/Users/bjbloemker/.m2/repository/org/jboss/logging/jboss-logging/3.3.0.Final/jboss-logging-3.3.0.Final.jar:/Users/bjbloemker/.m2/repository/com/fasterxml/classmate/1.3.4/classmate-1.3.4.jar:/Users/bjbloemker/.m2/repository/org/glassfish/javax.el/3.0.0/javax.el-3.0.0.jar:/Users/bjbloemker/.m2/repository/org/javassist/javassist/3.22.0-GA/javassist-3.22.0-GA.jar:/Users/bjbloemker/.m2/repository/io/dropwizard/dropwizard-configuration/1.3.2/dropwizard-configuration-1.3.2.jar:/Users/bjbloemker/.m2/repository/com/fasterxml/jackson/dataformat/jackson-dataformat-yaml/2.9.5/jackson-dataformat-yaml-2.9.5.jar:/Users/bjbloemker/.m2/repository/org/apache/commons/commons-lang3/3.7/commons-lang3-3.7.jar:/Users/bjbloemker/.m2/repository/org/apache/commons/commons-text/1.2/commons-text-1.2.jar:/Users/bjbloemker/.m2/repository/io/dropwizard/dropwizard-logging/1.3.2/dropwizard-logging-1.3.2.jar:/Users/bjbloemker/.m2/repository/io/dropwizard/metrics/metrics-logback/4.0.2/metrics-logback-4.0.2.jar:/Users/bjbloemker/.m2/repository/org/slf4j/jul-to-slf4j/1.7.25/jul-to-slf4j-1.7.25.jar:/Users/bjbloemker/.m2/repository/ch/qos/logback/logback-core/1.2.3/logback-core-1.2.3.jar:/Users/bjbloemker/.m2/repository/ch/qos/logback/logback-classic/1.2.3/logback-classic-1.2.3.jar:/Users/bjbloemker/.m2/repository/org/slf4j/log4j-over-slf4j/1.7.25/log4j-over-slf4j-1.7.25.jar:/Users/bjbloemker/.m2/repository/org/slf4j/jcl-over-slf4j/1.7.25/jcl-over-slf4j-1.7.25.jar:/Users/bjbloemker/.m2/repository/org/eclipse/jetty/jetty-util/9.4.10.v20180503/jetty-util-9.4.10.v20180503.jar:/Users/bjbloemker/.m2/repository/io/dropwizard/dropwizard-metrics/1.3.2/dropwizard-metrics-1.3.2.jar:/Users/bjbloemker/.m2/repository/io/dropwizard/dropwizard-jersey/1.3.2/dropwizard-jersey-1.3.2.jar:/Users/bjbloemker/.m2/repository/org/glassfish/jersey/core/jersey-server/2.25.1/jersey-server-2.25.1.jar:/Users/bjbloemker/.m2/repository/org/glassfish/jersey/core/jersey-common/2.25.1/jersey-common-2.25.1.jar:/Users/bjbloemker/.m2/repository/org/glassfish/jersey/bundles/repackaged/jersey-guava/2.25.1/jersey-guava-2.25.1.jar:/Users/bjbloemker/.m2/repository/org/glassfish/hk2/osgi-resource-locator/1.0.1/osgi-resource-locator-1.0.1.jar:/Users/bjbloemker/.m2/repository/org/glassfish/jersey/core/jersey-client/2.25.1/jersey-client-2.25.1.jar:/Users/bjbloemker/.m2/repository/javax/ws/rs/javax.ws.rs-api/2.0.1/javax.ws.rs-api-2.0.1.jar:/Users/bjbloemker/.m2/repository/org/glassfish/jersey/media/jersey-media-jaxb/2.25.1/jersey-media-jaxb-2.25.1.jar:/Users/bjbloemker/.m2/repository/javax/annotation/javax.annotation-api/1.2/javax.annotation-api-1.2.jar:/Users/bjbloemker/.m2/repository/org/glassfish/hk2/hk2-api/2.5.0-b32/hk2-api-2.5.0-b32.jar:/Users/bjbloemker/.m2/repository/org/glassfish/hk2/hk2-utils/2.5.0-b32/hk2-utils-2.5.0-b32.jar:/Users/bjbloemker/.m2/repository/org/glassfish/hk2/external/aopalliance-repackaged/2.5.0-b32/aopalliance-repackaged-2.5.0-b32.jar:/Users/bjbloemker/.m2/repository/org/glassfish/hk2/external/javax.inject/2.5.0-b32/javax.inject-2.5.0-b32.jar:/Users/bjbloemker/.m2/repository/org/glassfish/hk2/hk2-locator/2.5.0-b32/hk2-locator-2.5.0-b32.jar:/Users/bjbloemker/.m2/repository/org/glassfish/jersey/ext/jersey-metainf-services/2.25.1/jersey-metainf-services-2.25.1.jar:/Users/bjbloemker/.m2/repository/org/glassfish/jersey/ext/jersey-bean-validation/2.25.1/jersey-bean-validation-2.25.1.jar:/Users/bjbloemker/.m2/repository/io/dropwizard/metrics/metrics-jersey2/4.0.2/metrics-jersey2-4.0.2.jar:/Users/bjbloemker/.m2/repository/com/fasterxml/jackson/jaxrs/jackson-jaxrs-json-provider/2.9.5/jackson-jaxrs-json-provider-2.9.5.jar:/Users/bjbloemker/.m2/repository/com/fasterxml/jackson/jaxrs/jackson-jaxrs-base/2.9.5/jackson-jaxrs-base-2.9.5.jar:/Users/bjbloemker/.m2/repository/com/fasterxml/jackson/module/jackson-module-jaxb-annotations/2.9.5/jackson-module-jaxb-annotations-2.9.5.jar:/Users/bjbloemker/.m2/repository/org/glassfish/jersey/containers/jersey-container-servlet/2.25.1/jersey-container-servlet-2.25.1.jar:/Users/bjbloemker/.m2/repository/org/glassfish/jersey/containers/jersey-container-servlet-core/2.25.1/jersey-container-servlet-core-2.25.1.jar:/Users/bjbloemker/.m2/repository/org/eclipse/jetty/jetty-server/9.4.10.v20180503/jetty-server-9.4.10.v20180503.jar:/Users/bjbloemker/.m2/repository/javax/servlet/javax.servlet-api/3.1.0/javax.servlet-api-3.1.0.jar:/Users/bjbloemker/.m2/repository/org/eclipse/jetty/jetty-io/9.4.10.v20180503/jetty-io-9.4.10.v20180503.jar:/Users/bjbloemker/.m2/repository/org/eclipse/jetty/jetty-webapp/9.4.10.v20180503/jetty-webapp-9.4.10.v20180503.jar:/Users/bjbloemker/.m2/repository/org/eclipse/jetty/jetty-xml/9.4.10.v20180503/jetty-xml-9.4.10.v20180503.jar:/Users/bjbloemker/.m2/repository/org/eclipse/jetty/jetty-continuation/9.4.10.v20180503/jetty-continuation-9.4.10.v20180503.jar:/Users/bjbloemker/.m2/repository/io/dropwizard/dropwizard-servlets/1.3.2/dropwizard-servlets-1.3.2.jar:/Users/bjbloemker/.m2/repository/io/dropwizard/metrics/metrics-annotation/4.0.2/metrics-annotation-4.0.2.jar:/Users/bjbloemker/.m2/repository/io/dropwizard/dropwizard-jetty/1.3.2/dropwizard-jetty-1.3.2.jar:/Users/bjbloemker/.m2/repository/io/dropwizard/metrics/metrics-jetty9/4.0.2/metrics-jetty9-4.0.2.jar:/Users/bjbloemker/.m2/repository/org/eclipse/jetty/jetty-servlet/9.4.10.v20180503/jetty-servlet-9.4.10.v20180503.jar:/Users/bjbloemker/.m2/repository/org/eclipse/jetty/jetty-security/9.4.10.v20180503/jetty-security-9.4.10.v20180503.jar:/Users/bjbloemker/.m2/repository/org/eclipse/jetty/jetty-servlets/9.4.10.v20180503/jetty-servlets-9.4.10.v20180503.jar:/Users/bjbloemker/.m2/repository/org/eclipse/jetty/jetty-http/9.4.10.v20180503/jetty-http-9.4.10.v20180503.jar:/Users/bjbloemker/.m2/repository/io/dropwizard/dropwizard-lifecycle/1.3.2/dropwizard-lifecycle-1.3.2.jar:/Users/bjbloemker/.m2/repository/io/dropwizard/metrics/metrics-core/4.0.2/metrics-core-4.0.2.jar:/Users/bjbloemker/.m2/repository/io/dropwizard/metrics/metrics-jvm/4.0.2/metrics-jvm-4.0.2.jar:/Users/bjbloemker/.m2/repository/io/dropwizard/metrics/metrics-jmx/4.0.2/metrics-jmx-4.0.2.jar:/Users/bjbloemker/.m2/repository/io/dropwizard/metrics/metrics-servlets/4.0.2/metrics-servlets-4.0.2.jar:/Users/bjbloemker/.m2/repository/io/dropwizard/metrics/metrics-json/4.0.2/metrics-json-4.0.2.jar:/Users/bjbloemker/.m2/repository/com/papertrail/profiler/1.0.2/profiler-1.0.2.jar:/Users/bjbloemker/.m2/repository/io/dropwizard/metrics/metrics-healthchecks/4.0.2/metrics-healthchecks-4.0.2.jar:/Users/bjbloemker/.m2/repository/io/dropwizard/dropwizard-request-logging/1.3.2/dropwizard-request-logging-1.3.2.jar:/Users/bjbloemker/.m2/repository/ch/qos/logback/logback-access/1.2.3/logback-access-1.2.3.jar:/Users/bjbloemker/.m2/repository/net/sourceforge/argparse4j/argparse4j/0.8.1/argparse4j-0.8.1.jar:/Users/bjbloemker/.m2/repository/org/eclipse/jetty/toolchain/setuid/jetty-setuid-java/1.0.3/jetty-setuid-java-1.0.3.jar:/Users/bjbloemker/.m2/repository/com/google/code/gson/gson/2.8.5/gson-2.8.5.jar:/Users/bjbloemker/.m2/repository/junit/junit/4.12/junit-4.12.jar:/Users/bjbloemker/.m2/repository/org/hamcrest/hamcrest-core/1.3/hamcrest-core-1.3.jar:/Users/bjbloemker/.m2/repository/org/junit/jupiter/junit-jupiter-api/5.3.1/junit-jupiter-api-5.3.1.jar:/Users/bjbloemker/.m2/repository/org/apiguardian/apiguardian-api/1.0.0/apiguardian-api-1.0.0.jar:/Users/bjbloemker/.m2/repository/org/opentest4j/opentest4j/1.1.1/opentest4j-1.1.1.jar:/Users/bjbloemker/.m2/repository/org/junit/platform/junit-platform-commons/1.3.1/junit-platform-commons-1.3.1.jar:/Users/bjbloemker/.m2/repository/org/apache/maven/plugins/maven-surefire-plugin/3.0.0-M1/maven-surefire-plugin-3.0.0-M1.jar:/Users/bjbloemker/.m2/repository/org/apache/maven/surefire/maven-surefire-common/3.0.0-M1/maven-surefire-common-3.0.0-M1.jar:/Users/bjbloemker/.m2/repository/org/apache/maven/surefire/surefire-api/3.0.0-M1/surefire-api-3.0.0-M1.jar:/Users/bjbloemker/.m2/repository/org/apache/maven/surefire/surefire-logger-api/3.0.0-M1/surefire-logger-api-3.0.0-M1.jar:/Users/bjbloemker/.m2/repository/org/apache/maven/surefire/surefire-booter/3.0.0-M1/surefire-booter-3.0.0-M1.jar:/Users/bjbloemker/.m2/repository/org/apache/maven/maven-toolchain/3.0-alpha-2/maven-toolchain-3.0-alpha-2.jar:/Users/bjbloemker/.m2/repository/org/apache/maven/maven-core/3.0-alpha-2/maven-core-3.0-alpha-2.jar:/Users/bjbloemker/.m2/repository/org/apache/maven/maven-lifecycle/3.0-alpha-2/maven-lifecycle-3.0-alpha-2.jar:/Users/bjbloemker/.m2/repository/org/apache/maven/maven-reporting-api/3.0-alpha-2/maven-reporting-api-3.0-alpha-2.jar:/Users/bjbloemker/.m2/repository/org/apache/maven/doxia/doxia-sink-api/1.0-alpha-9/doxia-sink-api-1.0-alpha-9.jar:/Users/bjbloemker/.m2/repository/org/apache/maven/maven-model/3.0-alpha-2/maven-model-3.0-alpha-2.jar:/Users/bjbloemker/.m2/repository/org/apache/maven/maven-plugin-api/3.0-alpha-2/maven-plugin-api-3.0-alpha-2.jar:/Users/bjbloemker/.m2/repository/org/codehaus/plexus/plexus-container-default/1.0-beta-3.0.5/plexus-container-default-1.0-beta-3.0.5.jar:/Users/bjbloemker/.m2/repository/org/apache/xbean/xbean-reflect/3.4/xbean-reflect-3.4.jar:/Users/bjbloemker/.m2/repository/log4j/log4j/1.2.12/log4j-1.2.12.jar:/Users/bjbloemker/.m2/repository/commons-logging/commons-logging-api/1.1/commons-logging-api-1.1.jar:/Users/bjbloemker/.m2/repository/com/google/code/google-collections/google-collect/snapshot-20080530/google-collect-snapshot-20080530.jar:/Users/bjbloemker/.m2/repository/org/apache/maven/maven-project/3.0-alpha-2/maven-project-3.0-alpha-2.jar:/Users/bjbloemker/.m2/repository/org/codehaus/woodstox/wstx-asl/3.2.6/wstx-asl-3.2.6.jar:/Users/bjbloemker/.m2/repository/org/apache/maven/maven-project-builder/3.0-alpha-2/maven-project-builder-3.0-alpha-2.jar:/Users/bjbloemker/.m2/repository/commons-cli/commons-cli/1.0/commons-cli-1.0.jar:/Users/bjbloemker/.m2/repository/org/codehaus/plexus/plexus-interactivity-api/1.0-alpha-6/plexus-interactivity-api-1.0-alpha-6.jar:/Users/bjbloemker/.m2/repository/org/codehaus/plexus/plexus-interpolation/1.1/plexus-interpolation-1.1.jar:/Users/bjbloemker/.m2/repository/org/codehaus/plexus/plexus-utils/1.5.6/plexus-utils-1.5.6.jar:/Users/bjbloemker/.m2/repository/org/codehaus/plexus/plexus-classworlds/1.3/plexus-classworlds-1.3.jar:/Users/bjbloemker/.m2/repository/org/codehaus/plexus/plexus-component-annotations/1.0-beta-3.0.5/plexus-component-annotations-1.0-beta-3.0.5.jar:/Users/bjbloemker/.m2/repository/org/sonatype/plexus/plexus-plugin-manager/1.0-alpha-1/plexus-plugin-manager-1.0-alpha-1.jar:/Users/bjbloemker/.m2/repository/org/apache/maven/mercury/mercury-plexus/1.0.0-alpha-2/mercury-plexus-1.0.0-alpha-2.jar:/Users/bjbloemker/.m2/repository/org/apache/maven/mercury/mercury-repo-remote-m2/1.0.0-alpha-2/mercury-repo-remote-m2-1.0.0-alpha-2.jar:/Users/bjbloemker/.m2/repository/org/apache/maven/mercury/mercury-repo-api/1.0.0-alpha-2/mercury-repo-api-1.0.0-alpha-2.jar:/Users/bjbloemker/.m2/repository/org/apache/maven/mercury/mercury-transport-api/1.0.0-alpha-2/mercury-transport-api-1.0.0-alpha-2.jar:/Users/bjbloemker/.m2/repository/org/apache/maven/mercury/mercury-crypto-api/1.0.0-alpha-2/mercury-crypto-api-1.0.0-alpha-2.jar:/Users/bjbloemker/.m2/repository/org/apache/maven/mercury/mercury-transport-http/1.0.0-alpha-2/mercury-transport-http-1.0.0-alpha-2.jar:/Users/bjbloemker/.m2/repository/org/mortbay/jetty/jetty-client/6.1.12/jetty-client-6.1.12.jar:/Users/bjbloemker/.m2/repository/org/mortbay/jetty/jetty-sslengine/6.1.12/jetty-sslengine-6.1.12.jar:/Users/bjbloemker/.m2/repository/org/mortbay/jetty/jetty/6.1.12/jetty-6.1.12.jar:/Users/bjbloemker/.m2/repository/org/mortbay/jetty/jetty-util/6.1.12/jetty-util-6.1.12.jar:/Users/bjbloemker/.m2/repository/org/mortbay/jetty/servlet-api-2.5/6.1.12/servlet-api-2.5-6.1.12.jar:/Users/bjbloemker/.m2/repository/org/apache/maven/mercury/mercury-crypto-basic/1.0.0-alpha-2/mercury-crypto-basic-1.0.0-alpha-2.jar:/Users/bjbloemker/.m2/repository/bouncycastle/bcprov-jdk15/140/bcprov-jdk15-140.jar:/Users/bjbloemker/.m2/repository/bouncycastle/bcpg-jdk15/140/bcpg-jdk15-140.jar:/Users/bjbloemker/.m2/repository/org/apache/maven/mercury/mercury-md-shared/1.0.0-alpha-2/mercury-md-shared-1.0.0-alpha-2.jar:/Users/bjbloemker/.m2/repository/org/apache/maven/mercury/mercury-util/1.0.0-alpha-2/mercury-util-1.0.0-alpha-2.jar:/Users/bjbloemker/.m2/repository/org/apache/maven/mercury/mercury-repo-local-m2/1.0.0-alpha-2/mercury-repo-local-m2-1.0.0-alpha-2.jar:/Users/bjbloemker/.m2/repository/org/apache/maven/mercury/mercury-repo-virtual/1.0.0-alpha-2/mercury-repo-virtual-1.0.0-alpha-2.jar:/Users/bjbloemker/.m2/repository/org/apache/maven/mercury/mercury-repo-cache-fs/1.0.0-alpha-2/mercury-repo-cache-fs-1.0.0-alpha-2.jar:/Users/bjbloemker/.m2/repository/org/apache/maven/mercury/mercury-md-sat/1.0.0-alpha-2/mercury-md-sat-1.0.0-alpha-2.jar:/Users/bjbloemker/.m2/repository/org/sat4j/org.sat4j.core/2.0.4/org.sat4j.core-2.0.4.jar:/Users/bjbloemker/.m2/repository/org/sat4j/org.sat4j.pb/2.0.4/org.sat4j.pb-2.0.4.jar:/Users/bjbloemker/.m2/repository/org/apache/maven/mercury/mercury-event/1.0.0-alpha-2/mercury-event-1.0.0-alpha-2.jar:/Users/bjbloemker/.m2/repository/org/apache/maven/mercury/mercury-logging/1.0.0-alpha-2/mercury-logging-1.0.0-alpha-2.jar:/Users/bjbloemker/.m2/repository/org/codehaus/plexus/plexus-lang/1.1/plexus-lang-1.1.jar:/Users/bjbloemker/.m2/repository/org/slf4j/slf4j-jdk14/1.5.3/slf4j-jdk14-1.5.3.jar:/Users/bjbloemker/.m2/repository/org/apache/maven/maven-mercury/3.0-alpha-2/maven-mercury-3.0-alpha-2.jar:/Users/bjbloemker/.m2/repository/org/apache/maven/mercury/mercury-artifact/1.0.0-alpha-2/mercury-artifact-1.0.0-alpha-2.jar:/Users/bjbloemker/.m2/repository/org/apache/maven/mercury/mercury-external/1.0.0-alpha-2/mercury-external-1.0.0-alpha-2.jar:/Users/bjbloemker/.m2/repository/org/sonatype/spice/model-builder/1.3/model-builder-1.3.jar:/Users/bjbloemker/.m2/repository/stax/stax-api/1.0.1/stax-api-1.0.1.jar:/Users/bjbloemker/.m2/repository/org/apache/maven/maven-compat/3.0-alpha-2/maven-compat-3.0-alpha-2.jar:/Users/bjbloemker/.m2/repository/org/apache/maven/wagon/wagon-provider-api/1.0-beta-4/wagon-provider-api-1.0-beta-4.jar:/Users/bjbloemker/.m2/repository/org/codehaus/plexus/plexus-java/0.9.11/plexus-java-0.9.11.jar:/Users/bjbloemker/.m2/repository/org/ow2/asm/asm/7.0-beta/asm-7.0-beta.jar:/Users/bjbloemker/.m2/repository/com/thoughtworks/qdox/qdox/2.0-M9/qdox-2.0-M9.jar:/Users/bjbloemker/.m2/repository/org/testng/testng/6.8.7/testng-6.8.7.jar:/Users/bjbloemker/.m2/repository/org/beanshell/bsh/2.0b4/bsh-2.0b4.jar:/Users/bjbloemker/.m2/repository/com/beust/jcommander/1.27/jcommander-1.27.jar:/Users/bjbloemker/.m2/repository/org/yaml/snakeyaml/1.12/snakeyaml-1.12.jar:/Users/bjbloemker/.m2/repository/org/junit/jupiter/junit-jupiter-engine/5.2.0/junit-jupiter-engine-5.2.0.jar:/Users/bjbloemker/.m2/repository/org/junit/platform/junit-platform-engine/1.2.0/junit-platform-engine-1.2.0.jar:/Users/bjbloemker/.m2/repository/org/apache/maven/surefire/surefire-testng-utils/2.21.0/surefire-testng-utils-2.21.0.jar:/Users/bjbloemker/.m2/repository/org/apache/maven/surefire/surefire-grouper/2.21.0/surefire-grouper-2.21.0.jar:"/>
    <property name="sun.cpu.endian" value="little"/>
    <property name="user.home" value="/Users/bjbloemker"/>
    <property name="user.language" value="en"/>
    <property name="java.specification.vendor" value="Oracle Corporation"/>
    <property name="java.home" value="/Library/Java/JavaVirtualMachines/jdk1.8.0_171.jdk/Contents/Home/jre"/>
    <property name="basedir" value="/Volumes/GoogleDrive/My Drive/gd_iit/gd_CS445/Project/Pay4Park/Pay4Park"/>
    <property name="file.separator" value="/"/>
    <property name="line.separator" value="&#10;"/>
    <property name="java.vm.specification.vendor" value="Oracle Corporation"/>
    <property name="java.specification.name" value="Java Platform API Specification"/>
    <property name="java.awt.graphicsenv" value="sun.awt.CGraphicsEnvironment"/>
    <property name="surefire.real.class.path" value="/Volumes/GoogleDrive/My Drive/gd_iit/gd_CS445/Project/Pay4Park/Pay4Park/target/surefire/surefirebooter565060204067164329.jar:/Users/bjbloemker/.m2/repository/org/jacoco/org.jacoco.agent/0.8.2/org.jacoco.agent-0.8.2-runtime.jar"/>
    <property name="sun.boot.class.path" value="/Library/Java/JavaVirtualMachines/jdk1.8.0_171.jdk/Contents/Home/jre/lib/resources.jar:/Library/Java/JavaVirtualMachines/jdk1.8.0_171.jdk/Contents/Home/jre/lib/rt.jar:/Library/Java/JavaVirtualMachines/jdk1.8.0_171.jdk/Contents/Home/jre/lib/sunrsasign.jar:/Library/Java/JavaVirtualMachines/jdk1.8.0_171.jdk/Contents/Home/jre/lib/jsse.jar:/Library/Java/JavaVirtualMachines/jdk1.8.0_171.jdk/Contents/Home/jre/lib/jce.jar:/Library/Java/JavaVirtualMachines/jdk1.8.0_171.jdk/Contents/Home/jre/lib/charsets.jar:/Library/Java/JavaVirtualMachines/jdk1.8.0_171.jdk/Contents/Home/jre/lib/jfr.jar:/Library/Java/JavaVirtualMachines/jdk1.8.0_171.jdk/Contents/Home/jre/classes"/>
    <property name="sun.management.compiler" value="HotSpot 64-Bit Tiered Compilers"/>
    <property name="ftp.nonProxyHosts" value="local|*.local|169.254/16|*.169.254/16"/>
    <property name="java.runtime.version" value="1.8.0_171-b11"/>
    <property name="user.name" value="bjbloemker"/>
    <property name="path.separator" value=":"/>
    <property name="os.version" value="10.14"/>
    <property name="java.endorsed.dirs" value="/Library/Java/JavaVirtualMachines/jdk1.8.0_171.jdk/Contents/Home/jre/lib/endorsed"/>
    <property name="java.runtime.name" value="Java(TM) SE Runtime Environment"/>
    <property name="file.encoding" value="UTF-8"/>
    <property name="java.vm.name" value="Java HotSpot(TM) 64-Bit Server VM"/>
    <property name="localRepository" value="/Users/bjbloemker/.m2/repository"/>
    <property name="java.vendor.url.bug" value="http://bugreport.sun.com/bugreport/"/>
    <property name="java.io.tmpdir" value="/var/folders/zj/3wwy37cs1js721w01f8xxg1h0000gn/T/"/>
    <property name="idea.version" value="2017.2.6"/>
    <property name="java.version" value="1.8.0_171"/>
    <property name="user.dir" value="/Volumes/GoogleDrive/My Drive/gd_iit/gd_CS445/Project/Pay4Park/Pay4Park"/>
    <property name="os.arch" value="x86_64"/>
    <property name="java.vm.specification.name" value="Java Virtual Machine Specification"/>
    <property name="java.awt.printerjob" value="sun.lwawt.macosx.CPrinterJob"/>
    <property name="sun.os.patch.level" value="unknown"/>
    <property name="java.library.path" value="/Users/bjbloemker/Library/Java/Extensions:/Library/Java/Extensions:/Network/Library/Java/Extensions:/System/Library/Java/Extensions:/usr/lib/java:."/>
    <property name="java.vm.info" value="mixed mode"/>
    <property name="java.vendor" value="Oracle Corporation"/>
    <property name="java.vm.version" value="25.171-b11"/>
    <property name="java.ext.dirs" value="/Users/bjbloemker/Library/Java/Extensions:/Library/Java/JavaVirtualMachines/jdk1.8.0_171.jdk/Contents/Home/jre/lib/ext:/Library/Java/Extensions:/Network/Library/Java/Extensions:/System/Library/Java/Extensions:/usr/lib/java"/>
    <property name="sun.io.unicode.encoding" value="UnicodeBig"/>
    <property name="java.class.version" value="52.0"/>
    <property name="socksNonProxyHosts" value="local|*.local|169.254/16|*.169.254/16"/>
  </properties>
  <testcase name="getAllNotesFromPark" classname="com.bjbloemker.resources.GeneralServicesTest" time="0"/>
  <testcase name="findNoteByParkIdNull" classname="com.bjbloemker.resources.GeneralServicesTest" time="0.002"/>
  <testcase name="simplifyOrders" classname="com.bjbloemker.resources.GeneralServicesTest" time="0.002"/>
  <testcase name="superSimplifyNotes" classname="com.bjbloemker.resources.GeneralServicesTest" time="0.001"/>
  <testcase name="simplifyVisitors" classname="com.bjbloemker.resources.GeneralServicesTest" time="0.001"/>
  <testcase name="superSimplifyOrders" classname="com.bjbloemker.resources.GeneralServicesTest" time="0"/>
  <testcase name="findParkByIdNull" classname="com.bjbloemker.resources.GeneralServicesTest" time="0"/>
  <testcase name="calculateCost" classname="com.bjbloemker.resources.GeneralServicesTest" time="0.001"/>
  <testcase name="getAllOrdersFromVisitor" classname="com.bjbloemker.resources.GeneralServicesTest" time="0"/>
  <testcase name="findVisitorByEmailNull" classname="com.bjbloemker.resources.GeneralServicesTest" time="0"/>
  <testcase name="findOrderById" classname="com.bjbloemker.resources.GeneralServicesTest" time="0"/>
  <testcase name="findVisitorById" classname="com.bjbloemker.resources.GeneralServicesTest" time="0"/>
  <testcase name="findVisitorByIdNull" classname="com.bjbloemker.resources.GeneralServicesTest" time="0"/>
  <testcase name="visitorsWithoutProperty" classname="com.bjbloemker.resources.GeneralServicesTest" time="0"/>
  <testcase name="findNoteByNoteIdNull" classname="com.bjbloemker.resources.GeneralServicesTest" time="0"/>
  <testcase name="findParkById" classname="com.bjbloemker.resources.GeneralServicesTest" time="0"/>
  <testcase name="getAllNotesFromVisitor" classname="com.bjbloemker.resources.GeneralServicesTest" time="0.001"/>
  <testcase name="findVisitorByEmail" classname="com.bjbloemker.resources.GeneralServicesTest" time="0"/>
  <testcase name="findNoteByNoteId" classname="com.bjbloemker.resources.GeneralServicesTest" time="0.001"/>
  <testcase name="findNoteByParkId" classname="com.bjbloemker.resources.GeneralServicesTest" time="0.001"/>
  <testcase name="findOrderByIdNull" classname="com.bjbloemker.resources.GeneralServicesTest" time="0"/>
  <testcase name="parksWithoutProperty" classname="com.bjbloemker.resources.GeneralServicesTest" time="0.009"/>
</testsuite>